<?xml version="1.0" encoding="UTF-8"?>
<!-- Generated by org.testng.reporters.JUnitXMLReporter -->
<testsuite ignored="0" hostname="Lillys-MacBook-Air.local" failures="0" tests="3" name="Default test" time="68.053" errors="0" timestamp="2025-03-24T14:02:05 EET">
  <testcase classname="tests.SwageLabTest" name="loginFlowTest" time="6.311"/>
  <testcase classname="tests.SwageLabTest" name="addToCartFlowTest" time="7.884"/>
  <testcase classname="tests.SwageLabTest" name="receiptAmountAssertionTest" time="11.14"/>
</testsuite> <!-- Default test -->
